<?xml version="1.0" encoding="UTF-8"?>
<!-- Generated by org.testng.reporters.JUnitReportReporter -->
<testsuite hostname="yusuf-albeheiri" failures="0" tests="1" name="TestNGDemo" time="8.178" errors="0" timestamp="2024-12-09T11:49:27 EET" skipped="0">
  <testcase classname="TestNGDemo" name="verifyRegistrationProcess" time="8.178"/>
</testsuite> <!-- TestNGDemo -->
